<?xml version="1.0" encoding="UTF-8"?>
<!-- Generated by org.testng.reporters.JUnitXMLReporter -->
<testsuite hostname="WJLP-1098" name="Default test" tests="11" failures="11" timestamp="5 May 2020 09:03:14 GMT" time="169.941" errors="0">
  <testcase name="DeliverywithRuleNo7Step1" time="40.226" classname="RamTestCases.OtrDeleiveryC2">
    <failure type="org.openqa.selenium.NoSuchElementException" message="An element could not be located on the page using the given search parameters.
For documentation on this error, please visit: https://www.seleniumhq.org/exceptions/no_such_element.html
Build info: version: &amp;apos;3.141.59&amp;apos;, revision: &amp;apos;e82be7d358&amp;apos;, time: &amp;apos;2018-11-14T08:25:53&amp;apos;
System info: host: &amp;apos;WJLP-1098&amp;apos;, ip: &amp;apos;192.168.65.1&amp;apos;, os.name: &amp;apos;Windows 8.1&amp;apos;, os.arch: &amp;apos;x86&amp;apos;, os.version: &amp;apos;6.3&amp;apos;, java.version: &amp;apos;1.8.0_25&amp;apos;
Driver info: io.appium.java_client.android.AndroidDriver
Capabilities {appActivity: com.ram.courier.activities...., appPackage: com.ram.courier, autoGrantPermission: true, automationName: Appium, databaseEnabled: false, desired: {appActivity: com.ram.courier.activities...., appPackage: com.ram.courier, autoGrantPermission: true, automationName: Appium, deviceName: Vivo, platformName: android, platformVersion: 9, udid: 8SSCCMUCKV7SIVRG}, deviceApiLevel: 28, deviceManufacturer: vivo, deviceModel: vivo 1907, deviceName: 8SSCCMUCKV7SIVRG, deviceScreenDensity: 480, deviceScreenSize: 1080x2340, deviceUDID: 8SSCCMUCKV7SIVRG, javascriptEnabled: true, locationContextEnabled: false, networkConnectionEnabled: true, pixelRatio: 3, platform: LINUX, platformName: Android, platformVersion: 9, statBarHeight: 84, takesScreenshot: true, udid: 8SSCCMUCKV7SIVRG, viewportRect: {height: 2183, left: 0, top: 84, width: 1080}, warnings: {}, webStorageEnabled: false}
Session ID: 57f8fad8-cd2c-4c96-a010-3cc87ce74c3c
*** Element info: {Using=id, value=com.ram.courier:id/ll_on_the_road}">
      <![CDATA[org.openqa.selenium.NoSuchElementException: An element could not be located on the page using the given search parameters.
For documentation on this error, please visit: https://www.seleniumhq.org/exceptions/no_such_element.html
Build info: version: '3.141.59', revision: 'e82be7d358', time: '2018-11-14T08:25:53'
System info: host: 'WJLP-1098', ip: '192.168.65.1', os.name: 'Windows 8.1', os.arch: 'x86', os.version: '6.3', java.version: '1.8.0_25'
Driver info: io.appium.java_client.android.AndroidDriver
Capabilities {appActivity: com.ram.courier.activities...., appPackage: com.ram.courier, autoGrantPermission: true, automationName: Appium, databaseEnabled: false, desired: {appActivity: com.ram.courier.activities...., appPackage: com.ram.courier, autoGrantPermission: true, automationName: Appium, deviceName: Vivo, platformName: android, platformVersion: 9, udid: 8SSCCMUCKV7SIVRG}, deviceApiLevel: 28, deviceManufacturer: vivo, deviceModel: vivo 1907, deviceName: 8SSCCMUCKV7SIVRG, deviceScreenDensity: 480, deviceScreenSize: 1080x2340, deviceUDID: 8SSCCMUCKV7SIVRG, javascriptEnabled: true, locationContextEnabled: false, networkConnectionEnabled: true, pixelRatio: 3, platform: LINUX, platformName: Android, platformVersion: 9, statBarHeight: 84, takesScreenshot: true, udid: 8SSCCMUCKV7SIVRG, viewportRect: {height: 2183, left: 0, top: 84, width: 1080}, warnings: {}, webStorageEnabled: false}
Session ID: 57f8fad8-cd2c-4c96-a010-3cc87ce74c3c
*** Element info: {Using=id, value=com.ram.courier:id/ll_on_the_road}
	at sun.reflect.NativeConstructorAccessorImpl.newInstance0(Native Method)
	at sun.reflect.NativeConstructorAccessorImpl.newInstance(Unknown Source)
	at sun.reflect.DelegatingConstructorAccessorImpl.newInstance(Unknown Source)
	at java.lang.reflect.Constructor.newInstance(Unknown Source)
	at org.openqa.selenium.remote.http.W3CHttpResponseCodec.createException(W3CHttpResponseCodec.java:187)
	at org.openqa.selenium.remote.http.W3CHttpResponseCodec.decode(W3CHttpResponseCodec.java:122)
	at org.openqa.selenium.remote.http.W3CHttpResponseCodec.decode(W3CHttpResponseCodec.java:49)
	at org.openqa.selenium.remote.HttpCommandExecutor.execute(HttpCommandExecutor.java:158)
	at io.appium.java_client.remote.AppiumCommandExecutor.execute(AppiumCommandExecutor.java:239)
	at org.openqa.selenium.remote.RemoteWebDriver.execute(RemoteWebDriver.java:552)
	at io.appium.java_client.DefaultGenericMobileDriver.execute(DefaultGenericMobileDriver.java:41)
	at io.appium.java_client.AppiumDriver.execute(AppiumDriver.java:1)
	at io.appium.java_client.android.AndroidDriver.execute(AndroidDriver.java:1)
	at org.openqa.selenium.remote.RemoteWebDriver.findElement(RemoteWebDriver.java:323)
	at io.appium.java_client.DefaultGenericMobileDriver.findElement(DefaultGenericMobileDriver.java:61)
	at io.appium.java_client.AppiumDriver.findElement(AppiumDriver.java:1)
	at io.appium.java_client.android.AndroidDriver.findElement(AndroidDriver.java:1)
	at org.openqa.selenium.remote.RemoteWebDriver.findElementById(RemoteWebDriver.java:372)
	at io.appium.java_client.DefaultGenericMobileDriver.findElementById(DefaultGenericMobileDriver.java:69)
	at io.appium.java_client.AppiumDriver.findElementById(AppiumDriver.java:1)
	at io.appium.java_client.android.AndroidDriver.findElementById(AndroidDriver.java:1)
	at RamTestCases.OtrDeleiveryC2.DeliverywithRuleNo7Step1(OtrDeleiveryC2.java:102)
	at sun.reflect.NativeMethodAccessorImpl.invoke0(Native Method)
	at sun.reflect.NativeMethodAccessorImpl.invoke(Unknown Source)
	at sun.reflect.DelegatingMethodAccessorImpl.invoke(Unknown Source)
	at java.lang.reflect.Method.invoke(Unknown Source)
	at org.testng.internal.MethodInvocationHelper.invokeMethod(MethodInvocationHelper.java:86)
	at org.testng.internal.Invoker.invokeMethod(Invoker.java:645)
	at org.testng.internal.Invoker.invokeTestMethod(Invoker.java:822)
	at org.testng.internal.Invoker.invokeTestMethods(Invoker.java:1130)
	at org.testng.internal.TestMethodWorker.invokeTestMethods(TestMethodWorker.java:129)
	at org.testng.internal.TestMethodWorker.run(TestMethodWorker.java:112)
	at org.testng.TestRunner.privateRun(TestRunner.java:782)
	at org.testng.TestRunner.run(TestRunner.java:632)
	at org.testng.SuiteRunner.runTest(SuiteRunner.java:366)
	at org.testng.SuiteRunner.runSequentially(SuiteRunner.java:361)
	at org.testng.SuiteRunner.privateRun(SuiteRunner.java:319)
	at org.testng.SuiteRunner.run(SuiteRunner.java:268)
	at org.testng.SuiteRunnerWorker.runSuite(SuiteRunnerWorker.java:52)
	at org.testng.SuiteRunnerWorker.run(SuiteRunnerWorker.java:86)
	at org.testng.TestNG.runSuitesSequentially(TestNG.java:1244)
	at org.testng.TestNG.runSuitesLocally(TestNG.java:1169)
	at org.testng.TestNG.run(TestNG.java:1064)
	at org.testng.remote.RemoteTestNG.run(RemoteTestNG.java:113)
	at org.testng.remote.RemoteTestNG.initAndRun(RemoteTestNG.java:206)
	at org.testng.remote.RemoteTestNG.main(RemoteTestNG.java:177)
]]>
    </failure>
  </testcase> <!-- DeliverywithRuleNo7Step1 -->
  <testcase name="DeliverywithRuleNo7Step2InvalidOTP" time="40.144" classname="RamTestCases.OtrDeleiveryC2">
    <failure type="org.openqa.selenium.NoSuchElementException" message="An element could not be located on the page using the given search parameters.
For documentation on this error, please visit: https://www.seleniumhq.org/exceptions/no_such_element.html
Build info: version: &amp;apos;3.141.59&amp;apos;, revision: &amp;apos;e82be7d358&amp;apos;, time: &amp;apos;2018-11-14T08:25:53&amp;apos;
System info: host: &amp;apos;WJLP-1098&amp;apos;, ip: &amp;apos;192.168.65.1&amp;apos;, os.name: &amp;apos;Windows 8.1&amp;apos;, os.arch: &amp;apos;x86&amp;apos;, os.version: &amp;apos;6.3&amp;apos;, java.version: &amp;apos;1.8.0_25&amp;apos;
Driver info: io.appium.java_client.android.AndroidDriver
Capabilities {appActivity: com.ram.courier.activities...., appPackage: com.ram.courier, autoGrantPermission: true, automationName: Appium, databaseEnabled: false, desired: {appActivity: com.ram.courier.activities...., appPackage: com.ram.courier, autoGrantPermission: true, automationName: Appium, deviceName: Vivo, platformName: android, platformVersion: 9, udid: 8SSCCMUCKV7SIVRG}, deviceApiLevel: 28, deviceManufacturer: vivo, deviceModel: vivo 1907, deviceName: 8SSCCMUCKV7SIVRG, deviceScreenDensity: 480, deviceScreenSize: 1080x2340, deviceUDID: 8SSCCMUCKV7SIVRG, javascriptEnabled: true, locationContextEnabled: false, networkConnectionEnabled: true, pixelRatio: 3, platform: LINUX, platformName: Android, platformVersion: 9, statBarHeight: 84, takesScreenshot: true, udid: 8SSCCMUCKV7SIVRG, viewportRect: {height: 2183, left: 0, top: 84, width: 1080}, warnings: {}, webStorageEnabled: false}
Session ID: 57f8fad8-cd2c-4c96-a010-3cc87ce74c3c
*** Element info: {Using=id, value=com.ram.courier:id/et_otp}">
      <![CDATA[org.openqa.selenium.NoSuchElementException: An element could not be located on the page using the given search parameters.
For documentation on this error, please visit: https://www.seleniumhq.org/exceptions/no_such_element.html
Build info: version: '3.141.59', revision: 'e82be7d358', time: '2018-11-14T08:25:53'
System info: host: 'WJLP-1098', ip: '192.168.65.1', os.name: 'Windows 8.1', os.arch: 'x86', os.version: '6.3', java.version: '1.8.0_25'
Driver info: io.appium.java_client.android.AndroidDriver
Capabilities {appActivity: com.ram.courier.activities...., appPackage: com.ram.courier, autoGrantPermission: true, automationName: Appium, databaseEnabled: false, desired: {appActivity: com.ram.courier.activities...., appPackage: com.ram.courier, autoGrantPermission: true, automationName: Appium, deviceName: Vivo, platformName: android, platformVersion: 9, udid: 8SSCCMUCKV7SIVRG}, deviceApiLevel: 28, deviceManufacturer: vivo, deviceModel: vivo 1907, deviceName: 8SSCCMUCKV7SIVRG, deviceScreenDensity: 480, deviceScreenSize: 1080x2340, deviceUDID: 8SSCCMUCKV7SIVRG, javascriptEnabled: true, locationContextEnabled: false, networkConnectionEnabled: true, pixelRatio: 3, platform: LINUX, platformName: Android, platformVersion: 9, statBarHeight: 84, takesScreenshot: true, udid: 8SSCCMUCKV7SIVRG, viewportRect: {height: 2183, left: 0, top: 84, width: 1080}, warnings: {}, webStorageEnabled: false}
Session ID: 57f8fad8-cd2c-4c96-a010-3cc87ce74c3c
*** Element info: {Using=id, value=com.ram.courier:id/et_otp}
	at sun.reflect.NativeConstructorAccessorImpl.newInstance0(Native Method)
	at sun.reflect.NativeConstructorAccessorImpl.newInstance(Unknown Source)
	at sun.reflect.DelegatingConstructorAccessorImpl.newInstance(Unknown Source)
	at java.lang.reflect.Constructor.newInstance(Unknown Source)
	at org.openqa.selenium.remote.http.W3CHttpResponseCodec.createException(W3CHttpResponseCodec.java:187)
	at org.openqa.selenium.remote.http.W3CHttpResponseCodec.decode(W3CHttpResponseCodec.java:122)
	at org.openqa.selenium.remote.http.W3CHttpResponseCodec.decode(W3CHttpResponseCodec.java:49)
	at org.openqa.selenium.remote.HttpCommandExecutor.execute(HttpCommandExecutor.java:158)
	at io.appium.java_client.remote.AppiumCommandExecutor.execute(AppiumCommandExecutor.java:239)
	at org.openqa.selenium.remote.RemoteWebDriver.execute(RemoteWebDriver.java:552)
	at io.appium.java_client.DefaultGenericMobileDriver.execute(DefaultGenericMobileDriver.java:41)
	at io.appium.java_client.AppiumDriver.execute(AppiumDriver.java:1)
	at io.appium.java_client.android.AndroidDriver.execute(AndroidDriver.java:1)
	at org.openqa.selenium.remote.RemoteWebDriver.findElement(RemoteWebDriver.java:323)
	at io.appium.java_client.DefaultGenericMobileDriver.findElement(DefaultGenericMobileDriver.java:61)
	at io.appium.java_client.AppiumDriver.findElement(AppiumDriver.java:1)
	at io.appium.java_client.android.AndroidDriver.findElement(AndroidDriver.java:1)
	at org.openqa.selenium.remote.RemoteWebDriver.findElementById(RemoteWebDriver.java:372)
	at io.appium.java_client.DefaultGenericMobileDriver.findElementById(DefaultGenericMobileDriver.java:69)
	at io.appium.java_client.AppiumDriver.findElementById(AppiumDriver.java:1)
	at io.appium.java_client.android.AndroidDriver.findElementById(AndroidDriver.java:1)
	at RamTestCases.OtrDeleiveryC2.DeliverywithRuleNo7Step2InvalidOTP(OtrDeleiveryC2.java:126)
	at sun.reflect.NativeMethodAccessorImpl.invoke0(Native Method)
	at sun.reflect.NativeMethodAccessorImpl.invoke(Unknown Source)
	at sun.reflect.DelegatingMethodAccessorImpl.invoke(Unknown Source)
	at java.lang.reflect.Method.invoke(Unknown Source)
	at org.testng.internal.MethodInvocationHelper.invokeMethod(MethodInvocationHelper.java:86)
	at org.testng.internal.Invoker.invokeMethod(Invoker.java:645)
	at org.testng.internal.Invoker.invokeTestMethod(Invoker.java:822)
	at org.testng.internal.Invoker.invokeTestMethods(Invoker.java:1130)
	at org.testng.internal.TestMethodWorker.invokeTestMethods(TestMethodWorker.java:129)
	at org.testng.internal.TestMethodWorker.run(TestMethodWorker.java:112)
	at org.testng.TestRunner.privateRun(TestRunner.java:782)
	at org.testng.TestRunner.run(TestRunner.java:632)
	at org.testng.SuiteRunner.runTest(SuiteRunner.java:366)
	at org.testng.SuiteRunner.runSequentially(SuiteRunner.java:361)
	at org.testng.SuiteRunner.privateRun(SuiteRunner.java:319)
	at org.testng.SuiteRunner.run(SuiteRunner.java:268)
	at org.testng.SuiteRunnerWorker.runSuite(SuiteRunnerWorker.java:52)
	at org.testng.SuiteRunnerWorker.run(SuiteRunnerWorker.java:86)
	at org.testng.TestNG.runSuitesSequentially(TestNG.java:1244)
	at org.testng.TestNG.runSuitesLocally(TestNG.java:1169)
	at org.testng.TestNG.run(TestNG.java:1064)
	at org.testng.remote.RemoteTestNG.run(RemoteTestNG.java:113)
	at org.testng.remote.RemoteTestNG.initAndRun(RemoteTestNG.java:206)
	at org.testng.remote.RemoteTestNG.main(RemoteTestNG.java:177)
]]>
    </failure>
  </testcase> <!-- DeliverywithRuleNo7Step2InvalidOTP -->
  <testcase name="DeliverywithRuleNo7Step3ValidOTP" time="40.275" classname="RamTestCases.OtrDeleiveryC2">
    <failure type="org.openqa.selenium.NoSuchElementException" message="An element could not be located on the page using the given search parameters.
For documentation on this error, please visit: https://www.seleniumhq.org/exceptions/no_such_element.html
Build info: version: &amp;apos;3.141.59&amp;apos;, revision: &amp;apos;e82be7d358&amp;apos;, time: &amp;apos;2018-11-14T08:25:53&amp;apos;
System info: host: &amp;apos;WJLP-1098&amp;apos;, ip: &amp;apos;192.168.65.1&amp;apos;, os.name: &amp;apos;Windows 8.1&amp;apos;, os.arch: &amp;apos;x86&amp;apos;, os.version: &amp;apos;6.3&amp;apos;, java.version: &amp;apos;1.8.0_25&amp;apos;
Driver info: io.appium.java_client.android.AndroidDriver
Capabilities {appActivity: com.ram.courier.activities...., appPackage: com.ram.courier, autoGrantPermission: true, automationName: Appium, databaseEnabled: false, desired: {appActivity: com.ram.courier.activities...., appPackage: com.ram.courier, autoGrantPermission: true, automationName: Appium, deviceName: Vivo, platformName: android, platformVersion: 9, udid: 8SSCCMUCKV7SIVRG}, deviceApiLevel: 28, deviceManufacturer: vivo, deviceModel: vivo 1907, deviceName: 8SSCCMUCKV7SIVRG, deviceScreenDensity: 480, deviceScreenSize: 1080x2340, deviceUDID: 8SSCCMUCKV7SIVRG, javascriptEnabled: true, locationContextEnabled: false, networkConnectionEnabled: true, pixelRatio: 3, platform: LINUX, platformName: Android, platformVersion: 9, statBarHeight: 84, takesScreenshot: true, udid: 8SSCCMUCKV7SIVRG, viewportRect: {height: 2183, left: 0, top: 84, width: 1080}, warnings: {}, webStorageEnabled: false}
Session ID: 57f8fad8-cd2c-4c96-a010-3cc87ce74c3c
*** Element info: {Using=id, value=com.ram.courier:id/et_otp}">
      <![CDATA[org.openqa.selenium.NoSuchElementException: An element could not be located on the page using the given search parameters.
For documentation on this error, please visit: https://www.seleniumhq.org/exceptions/no_such_element.html
Build info: version: '3.141.59', revision: 'e82be7d358', time: '2018-11-14T08:25:53'
System info: host: 'WJLP-1098', ip: '192.168.65.1', os.name: 'Windows 8.1', os.arch: 'x86', os.version: '6.3', java.version: '1.8.0_25'
Driver info: io.appium.java_client.android.AndroidDriver
Capabilities {appActivity: com.ram.courier.activities...., appPackage: com.ram.courier, autoGrantPermission: true, automationName: Appium, databaseEnabled: false, desired: {appActivity: com.ram.courier.activities...., appPackage: com.ram.courier, autoGrantPermission: true, automationName: Appium, deviceName: Vivo, platformName: android, platformVersion: 9, udid: 8SSCCMUCKV7SIVRG}, deviceApiLevel: 28, deviceManufacturer: vivo, deviceModel: vivo 1907, deviceName: 8SSCCMUCKV7SIVRG, deviceScreenDensity: 480, deviceScreenSize: 1080x2340, deviceUDID: 8SSCCMUCKV7SIVRG, javascriptEnabled: true, locationContextEnabled: false, networkConnectionEnabled: true, pixelRatio: 3, platform: LINUX, platformName: Android, platformVersion: 9, statBarHeight: 84, takesScreenshot: true, udid: 8SSCCMUCKV7SIVRG, viewportRect: {height: 2183, left: 0, top: 84, width: 1080}, warnings: {}, webStorageEnabled: false}
Session ID: 57f8fad8-cd2c-4c96-a010-3cc87ce74c3c
*** Element info: {Using=id, value=com.ram.courier:id/et_otp}
	at sun.reflect.NativeConstructorAccessorImpl.newInstance0(Native Method)
	at sun.reflect.NativeConstructorAccessorImpl.newInstance(Unknown Source)
	at sun.reflect.DelegatingConstructorAccessorImpl.newInstance(Unknown Source)
	at java.lang.reflect.Constructor.newInstance(Unknown Source)
	at org.openqa.selenium.remote.http.W3CHttpResponseCodec.createException(W3CHttpResponseCodec.java:187)
	at org.openqa.selenium.remote.http.W3CHttpResponseCodec.decode(W3CHttpResponseCodec.java:122)
	at org.openqa.selenium.remote.http.W3CHttpResponseCodec.decode(W3CHttpResponseCodec.java:49)
	at org.openqa.selenium.remote.HttpCommandExecutor.execute(HttpCommandExecutor.java:158)
	at io.appium.java_client.remote.AppiumCommandExecutor.execute(AppiumCommandExecutor.java:239)
	at org.openqa.selenium.remote.RemoteWebDriver.execute(RemoteWebDriver.java:552)
	at io.appium.java_client.DefaultGenericMobileDriver.execute(DefaultGenericMobileDriver.java:41)
	at io.appium.java_client.AppiumDriver.execute(AppiumDriver.java:1)
	at io.appium.java_client.android.AndroidDriver.execute(AndroidDriver.java:1)
	at org.openqa.selenium.remote.RemoteWebDriver.findElement(RemoteWebDriver.java:323)
	at io.appium.java_client.DefaultGenericMobileDriver.findElement(DefaultGenericMobileDriver.java:61)
	at io.appium.java_client.AppiumDriver.findElement(AppiumDriver.java:1)
	at io.appium.java_client.android.AndroidDriver.findElement(AndroidDriver.java:1)
	at org.openqa.selenium.remote.RemoteWebDriver.findElementById(RemoteWebDriver.java:372)
	at io.appium.java_client.DefaultGenericMobileDriver.findElementById(DefaultGenericMobileDriver.java:69)
	at io.appium.java_client.AppiumDriver.findElementById(AppiumDriver.java:1)
	at io.appium.java_client.android.AndroidDriver.findElementById(AndroidDriver.java:1)
	at RamTestCases.OtrDeleiveryC2.DeliverywithRuleNo7Step3ValidOTP(OtrDeleiveryC2.java:136)
	at sun.reflect.NativeMethodAccessorImpl.invoke0(Native Method)
	at sun.reflect.NativeMethodAccessorImpl.invoke(Unknown Source)
	at sun.reflect.DelegatingMethodAccessorImpl.invoke(Unknown Source)
	at java.lang.reflect.Method.invoke(Unknown Source)
	at org.testng.internal.MethodInvocationHelper.invokeMethod(MethodInvocationHelper.java:86)
	at org.testng.internal.Invoker.invokeMethod(Invoker.java:645)
	at org.testng.internal.Invoker.invokeTestMethod(Invoker.java:822)
	at org.testng.internal.Invoker.invokeTestMethods(Invoker.java:1130)
	at org.testng.internal.TestMethodWorker.invokeTestMethods(TestMethodWorker.java:129)
	at org.testng.internal.TestMethodWorker.run(TestMethodWorker.java:112)
	at org.testng.TestRunner.privateRun(TestRunner.java:782)
	at org.testng.TestRunner.run(TestRunner.java:632)
	at org.testng.SuiteRunner.runTest(SuiteRunner.java:366)
	at org.testng.SuiteRunner.runSequentially(SuiteRunner.java:361)
	at org.testng.SuiteRunner.privateRun(SuiteRunner.java:319)
	at org.testng.SuiteRunner.run(SuiteRunner.java:268)
	at org.testng.SuiteRunnerWorker.runSuite(SuiteRunnerWorker.java:52)
	at org.testng.SuiteRunnerWorker.run(SuiteRunnerWorker.java:86)
	at org.testng.TestNG.runSuitesSequentially(TestNG.java:1244)
	at org.testng.TestNG.runSuitesLocally(TestNG.java:1169)
	at org.testng.TestNG.run(TestNG.java:1064)
	at org.testng.remote.RemoteTestNG.run(RemoteTestNG.java:113)
	at org.testng.remote.RemoteTestNG.initAndRun(RemoteTestNG.java:206)
	at org.testng.remote.RemoteTestNG.main(RemoteTestNG.java:177)
]]>
    </failure>
  </testcase> <!-- DeliverywithRuleNo7Step3ValidOTP -->
  <testcase name="GRVDeliverywithrule5and6" time="5.93" classname="RamTestCases.OtrDeleiveryC2">
    <failure type="org.openqa.selenium.WebDriverException" message="An unknown server-side error occurred while processing the command. Original error: Could not proxy command to remote server. Original error: Error: socket hang up
Build info: version: &amp;apos;3.141.59&amp;apos;, revision: &amp;apos;e82be7d358&amp;apos;, time: &amp;apos;2018-11-14T08:25:53&amp;apos;
System info: host: &amp;apos;WJLP-1098&amp;apos;, ip: &amp;apos;192.168.65.1&amp;apos;, os.name: &amp;apos;Windows 8.1&amp;apos;, os.arch: &amp;apos;x86&amp;apos;, os.version: &amp;apos;6.3&amp;apos;, java.version: &amp;apos;1.8.0_25&amp;apos;
Driver info: io.appium.java_client.android.AndroidDriver
Capabilities {appActivity: com.ram.courier.activities...., appPackage: com.ram.courier, autoGrantPermission: true, automationName: Appium, databaseEnabled: false, desired: {appActivity: com.ram.courier.activities...., appPackage: com.ram.courier, autoGrantPermission: true, automationName: Appium, deviceName: Vivo, platformName: android, platformVersion: 9, udid: 8SSCCMUCKV7SIVRG}, deviceApiLevel: 28, deviceManufacturer: vivo, deviceModel: vivo 1907, deviceName: 8SSCCMUCKV7SIVRG, deviceScreenDensity: 480, deviceScreenSize: 1080x2340, deviceUDID: 8SSCCMUCKV7SIVRG, javascriptEnabled: true, locationContextEnabled: false, networkConnectionEnabled: true, pixelRatio: 3, platform: LINUX, platformName: Android, platformVersion: 9, statBarHeight: 84, takesScreenshot: true, udid: 8SSCCMUCKV7SIVRG, viewportRect: {height: 2183, left: 0, top: 84, width: 1080}, warnings: {}, webStorageEnabled: false}
Session ID: 57f8fad8-cd2c-4c96-a010-3cc87ce74c3c
*** Element info: {Using=id, value=com.ram.courier:id/et_waybill_no}">
      <![CDATA[org.openqa.selenium.WebDriverException: An unknown server-side error occurred while processing the command. Original error: Could not proxy command to remote server. Original error: Error: socket hang up
Build info: version: '3.141.59', revision: 'e82be7d358', time: '2018-11-14T08:25:53'
System info: host: 'WJLP-1098', ip: '192.168.65.1', os.name: 'Windows 8.1', os.arch: 'x86', os.version: '6.3', java.version: '1.8.0_25'
Driver info: io.appium.java_client.android.AndroidDriver
Capabilities {appActivity: com.ram.courier.activities...., appPackage: com.ram.courier, autoGrantPermission: true, automationName: Appium, databaseEnabled: false, desired: {appActivity: com.ram.courier.activities...., appPackage: com.ram.courier, autoGrantPermission: true, automationName: Appium, deviceName: Vivo, platformName: android, platformVersion: 9, udid: 8SSCCMUCKV7SIVRG}, deviceApiLevel: 28, deviceManufacturer: vivo, deviceModel: vivo 1907, deviceName: 8SSCCMUCKV7SIVRG, deviceScreenDensity: 480, deviceScreenSize: 1080x2340, deviceUDID: 8SSCCMUCKV7SIVRG, javascriptEnabled: true, locationContextEnabled: false, networkConnectionEnabled: true, pixelRatio: 3, platform: LINUX, platformName: Android, platformVersion: 9, statBarHeight: 84, takesScreenshot: true, udid: 8SSCCMUCKV7SIVRG, viewportRect: {height: 2183, left: 0, top: 84, width: 1080}, warnings: {}, webStorageEnabled: false}
Session ID: 57f8fad8-cd2c-4c96-a010-3cc87ce74c3c
*** Element info: {Using=id, value=com.ram.courier:id/et_waybill_no}
	at sun.reflect.NativeConstructorAccessorImpl.newInstance0(Native Method)
	at sun.reflect.NativeConstructorAccessorImpl.newInstance(Unknown Source)
	at sun.reflect.DelegatingConstructorAccessorImpl.newInstance(Unknown Source)
	at java.lang.reflect.Constructor.newInstance(Unknown Source)
	at org.openqa.selenium.remote.http.W3CHttpResponseCodec.createException(W3CHttpResponseCodec.java:187)
	at org.openqa.selenium.remote.http.W3CHttpResponseCodec.decode(W3CHttpResponseCodec.java:122)
	at org.openqa.selenium.remote.http.W3CHttpResponseCodec.decode(W3CHttpResponseCodec.java:49)
	at org.openqa.selenium.remote.HttpCommandExecutor.execute(HttpCommandExecutor.java:158)
	at io.appium.java_client.remote.AppiumCommandExecutor.execute(AppiumCommandExecutor.java:239)
	at org.openqa.selenium.remote.RemoteWebDriver.execute(RemoteWebDriver.java:552)
	at io.appium.java_client.DefaultGenericMobileDriver.execute(DefaultGenericMobileDriver.java:41)
	at io.appium.java_client.AppiumDriver.execute(AppiumDriver.java:1)
	at io.appium.java_client.android.AndroidDriver.execute(AndroidDriver.java:1)
	at org.openqa.selenium.remote.RemoteWebDriver.findElement(RemoteWebDriver.java:323)
	at io.appium.java_client.DefaultGenericMobileDriver.findElement(DefaultGenericMobileDriver.java:61)
	at io.appium.java_client.AppiumDriver.findElement(AppiumDriver.java:1)
	at io.appium.java_client.android.AndroidDriver.findElement(AndroidDriver.java:1)
	at org.openqa.selenium.remote.RemoteWebDriver.findElementById(RemoteWebDriver.java:372)
	at io.appium.java_client.DefaultGenericMobileDriver.findElementById(DefaultGenericMobileDriver.java:69)
	at io.appium.java_client.AppiumDriver.findElementById(AppiumDriver.java:1)
	at io.appium.java_client.android.AndroidDriver.findElementById(AndroidDriver.java:1)
	at RamTestCases.OtrDeleiveryC2.GRVDeliverywithrule5and6(OtrDeleiveryC2.java:152)
	at sun.reflect.NativeMethodAccessorImpl.invoke0(Native Method)
	at sun.reflect.NativeMethodAccessorImpl.invoke(Unknown Source)
	at sun.reflect.DelegatingMethodAccessorImpl.invoke(Unknown Source)
	at java.lang.reflect.Method.invoke(Unknown Source)
	at org.testng.internal.MethodInvocationHelper.invokeMethod(MethodInvocationHelper.java:86)
	at org.testng.internal.Invoker.invokeMethod(Invoker.java:645)
	at org.testng.internal.Invoker.invokeTestMethod(Invoker.java:822)
	at org.testng.internal.Invoker.invokeTestMethods(Invoker.java:1130)
	at org.testng.internal.TestMethodWorker.invokeTestMethods(TestMethodWorker.java:129)
	at org.testng.internal.TestMethodWorker.run(TestMethodWorker.java:112)
	at org.testng.TestRunner.privateRun(TestRunner.java:782)
	at org.testng.TestRunner.run(TestRunner.java:632)
	at org.testng.SuiteRunner.runTest(SuiteRunner.java:366)
	at org.testng.SuiteRunner.runSequentially(SuiteRunner.java:361)
	at org.testng.SuiteRunner.privateRun(SuiteRunner.java:319)
	at org.testng.SuiteRunner.run(SuiteRunner.java:268)
	at org.testng.SuiteRunnerWorker.runSuite(SuiteRunnerWorker.java:52)
	at org.testng.SuiteRunnerWorker.run(SuiteRunnerWorker.java:86)
	at org.testng.TestNG.runSuitesSequentially(TestNG.java:1244)
	at org.testng.TestNG.runSuitesLocally(TestNG.java:1169)
	at org.testng.TestNG.run(TestNG.java:1064)
	at org.testng.remote.RemoteTestNG.run(RemoteTestNG.java:113)
	at org.testng.remote.RemoteTestNG.initAndRun(RemoteTestNG.java:206)
	at org.testng.remote.RemoteTestNG.main(RemoteTestNG.java:177)
]]>
    </failure>
  </testcase> <!-- GRVDeliverywithrule5and6 -->
  <testcase name="ValidateBackBtn" time="0.047" classname="RamTestCases.OtrDeleiveryC2">
    <failure type="org.openqa.selenium.WebDriverException" message="An unknown server-side error occurred while processing the command. Original error: Could not proxy command to remote server. Original error: Error: socket hang up
Build info: version: &amp;apos;3.141.59&amp;apos;, revision: &amp;apos;e82be7d358&amp;apos;, time: &amp;apos;2018-11-14T08:25:53&amp;apos;
System info: host: &amp;apos;WJLP-1098&amp;apos;, ip: &amp;apos;192.168.65.1&amp;apos;, os.name: &amp;apos;Windows 8.1&amp;apos;, os.arch: &amp;apos;x86&amp;apos;, os.version: &amp;apos;6.3&amp;apos;, java.version: &amp;apos;1.8.0_25&amp;apos;
Driver info: io.appium.java_client.android.AndroidDriver
Capabilities {appActivity: com.ram.courier.activities...., appPackage: com.ram.courier, autoGrantPermission: true, automationName: Appium, databaseEnabled: false, desired: {appActivity: com.ram.courier.activities...., appPackage: com.ram.courier, autoGrantPermission: true, automationName: Appium, deviceName: Vivo, platformName: android, platformVersion: 9, udid: 8SSCCMUCKV7SIVRG}, deviceApiLevel: 28, deviceManufacturer: vivo, deviceModel: vivo 1907, deviceName: 8SSCCMUCKV7SIVRG, deviceScreenDensity: 480, deviceScreenSize: 1080x2340, deviceUDID: 8SSCCMUCKV7SIVRG, javascriptEnabled: true, locationContextEnabled: false, networkConnectionEnabled: true, pixelRatio: 3, platform: LINUX, platformName: Android, platformVersion: 9, statBarHeight: 84, takesScreenshot: true, udid: 8SSCCMUCKV7SIVRG, viewportRect: {height: 2183, left: 0, top: 84, width: 1080}, warnings: {}, webStorageEnabled: false}
Session ID: 57f8fad8-cd2c-4c96-a010-3cc87ce74c3c
*** Element info: {Using=id, value=com.ram.courier:id/et_waybill_no}">
      <![CDATA[org.openqa.selenium.WebDriverException: An unknown server-side error occurred while processing the command. Original error: Could not proxy command to remote server. Original error: Error: socket hang up
Build info: version: '3.141.59', revision: 'e82be7d358', time: '2018-11-14T08:25:53'
System info: host: 'WJLP-1098', ip: '192.168.65.1', os.name: 'Windows 8.1', os.arch: 'x86', os.version: '6.3', java.version: '1.8.0_25'
Driver info: io.appium.java_client.android.AndroidDriver
Capabilities {appActivity: com.ram.courier.activities...., appPackage: com.ram.courier, autoGrantPermission: true, automationName: Appium, databaseEnabled: false, desired: {appActivity: com.ram.courier.activities...., appPackage: com.ram.courier, autoGrantPermission: true, automationName: Appium, deviceName: Vivo, platformName: android, platformVersion: 9, udid: 8SSCCMUCKV7SIVRG}, deviceApiLevel: 28, deviceManufacturer: vivo, deviceModel: vivo 1907, deviceName: 8SSCCMUCKV7SIVRG, deviceScreenDensity: 480, deviceScreenSize: 1080x2340, deviceUDID: 8SSCCMUCKV7SIVRG, javascriptEnabled: true, locationContextEnabled: false, networkConnectionEnabled: true, pixelRatio: 3, platform: LINUX, platformName: Android, platformVersion: 9, statBarHeight: 84, takesScreenshot: true, udid: 8SSCCMUCKV7SIVRG, viewportRect: {height: 2183, left: 0, top: 84, width: 1080}, warnings: {}, webStorageEnabled: false}
Session ID: 57f8fad8-cd2c-4c96-a010-3cc87ce74c3c
*** Element info: {Using=id, value=com.ram.courier:id/et_waybill_no}
	at sun.reflect.NativeConstructorAccessorImpl.newInstance0(Native Method)
	at sun.reflect.NativeConstructorAccessorImpl.newInstance(Unknown Source)
	at sun.reflect.DelegatingConstructorAccessorImpl.newInstance(Unknown Source)
	at java.lang.reflect.Constructor.newInstance(Unknown Source)
	at org.openqa.selenium.remote.http.W3CHttpResponseCodec.createException(W3CHttpResponseCodec.java:187)
	at org.openqa.selenium.remote.http.W3CHttpResponseCodec.decode(W3CHttpResponseCodec.java:122)
	at org.openqa.selenium.remote.http.W3CHttpResponseCodec.decode(W3CHttpResponseCodec.java:49)
	at org.openqa.selenium.remote.HttpCommandExecutor.execute(HttpCommandExecutor.java:158)
	at io.appium.java_client.remote.AppiumCommandExecutor.execute(AppiumCommandExecutor.java:239)
	at org.openqa.selenium.remote.RemoteWebDriver.execute(RemoteWebDriver.java:552)
	at io.appium.java_client.DefaultGenericMobileDriver.execute(DefaultGenericMobileDriver.java:41)
	at io.appium.java_client.AppiumDriver.execute(AppiumDriver.java:1)
	at io.appium.java_client.android.AndroidDriver.execute(AndroidDriver.java:1)
	at org.openqa.selenium.remote.RemoteWebDriver.findElement(RemoteWebDriver.java:323)
	at io.appium.java_client.DefaultGenericMobileDriver.findElement(DefaultGenericMobileDriver.java:61)
	at io.appium.java_client.AppiumDriver.findElement(AppiumDriver.java:1)
	at io.appium.java_client.android.AndroidDriver.findElement(AndroidDriver.java:1)
	at org.openqa.selenium.remote.RemoteWebDriver.findElementById(RemoteWebDriver.java:372)
	at io.appium.java_client.DefaultGenericMobileDriver.findElementById(DefaultGenericMobileDriver.java:69)
	at io.appium.java_client.AppiumDriver.findElementById(AppiumDriver.java:1)
	at io.appium.java_client.android.AndroidDriver.findElementById(AndroidDriver.java:1)
	at RamTestCases.OtrDeleiveryC2.ValidateBackBtn(OtrDeleiveryC2.java:178)
	at sun.reflect.NativeMethodAccessorImpl.invoke0(Native Method)
	at sun.reflect.NativeMethodAccessorImpl.invoke(Unknown Source)
	at sun.reflect.DelegatingMethodAccessorImpl.invoke(Unknown Source)
	at java.lang.reflect.Method.invoke(Unknown Source)
	at org.testng.internal.MethodInvocationHelper.invokeMethod(MethodInvocationHelper.java:86)
	at org.testng.internal.Invoker.invokeMethod(Invoker.java:645)
	at org.testng.internal.Invoker.invokeTestMethod(Invoker.java:822)
	at org.testng.internal.Invoker.invokeTestMethods(Invoker.java:1130)
	at org.testng.internal.TestMethodWorker.invokeTestMethods(TestMethodWorker.java:129)
	at org.testng.internal.TestMethodWorker.run(TestMethodWorker.java:112)
	at org.testng.TestRunner.privateRun(TestRunner.java:782)
	at org.testng.TestRunner.run(TestRunner.java:632)
	at org.testng.SuiteRunner.runTest(SuiteRunner.java:366)
	at org.testng.SuiteRunner.runSequentially(SuiteRunner.java:361)
	at org.testng.SuiteRunner.privateRun(SuiteRunner.java:319)
	at org.testng.SuiteRunner.run(SuiteRunner.java:268)
	at org.testng.SuiteRunnerWorker.runSuite(SuiteRunnerWorker.java:52)
	at org.testng.SuiteRunnerWorker.run(SuiteRunnerWorker.java:86)
	at org.testng.TestNG.runSuitesSequentially(TestNG.java:1244)
	at org.testng.TestNG.runSuitesLocally(TestNG.java:1169)
	at org.testng.TestNG.run(TestNG.java:1064)
	at org.testng.remote.RemoteTestNG.run(RemoteTestNG.java:113)
	at org.testng.remote.RemoteTestNG.initAndRun(RemoteTestNG.java:206)
	at org.testng.remote.RemoteTestNG.main(RemoteTestNG.java:177)
]]>
    </failure>
  </testcase> <!-- ValidateBackBtn -->
  <testcase name="GRVdeliveryrule5" time="0.042" classname="RamTestCases.OtrDeleiveryC2">
    <failure type="org.openqa.selenium.WebDriverException" message="An unknown server-side error occurred while processing the command. Original error: Could not proxy command to remote server. Original error: Error: socket hang up
Build info: version: &amp;apos;3.141.59&amp;apos;, revision: &amp;apos;e82be7d358&amp;apos;, time: &amp;apos;2018-11-14T08:25:53&amp;apos;
System info: host: &amp;apos;WJLP-1098&amp;apos;, ip: &amp;apos;192.168.65.1&amp;apos;, os.name: &amp;apos;Windows 8.1&amp;apos;, os.arch: &amp;apos;x86&amp;apos;, os.version: &amp;apos;6.3&amp;apos;, java.version: &amp;apos;1.8.0_25&amp;apos;
Driver info: io.appium.java_client.android.AndroidDriver
Capabilities {appActivity: com.ram.courier.activities...., appPackage: com.ram.courier, autoGrantPermission: true, automationName: Appium, databaseEnabled: false, desired: {appActivity: com.ram.courier.activities...., appPackage: com.ram.courier, autoGrantPermission: true, automationName: Appium, deviceName: Vivo, platformName: android, platformVersion: 9, udid: 8SSCCMUCKV7SIVRG}, deviceApiLevel: 28, deviceManufacturer: vivo, deviceModel: vivo 1907, deviceName: 8SSCCMUCKV7SIVRG, deviceScreenDensity: 480, deviceScreenSize: 1080x2340, deviceUDID: 8SSCCMUCKV7SIVRG, javascriptEnabled: true, locationContextEnabled: false, networkConnectionEnabled: true, pixelRatio: 3, platform: LINUX, platformName: Android, platformVersion: 9, statBarHeight: 84, takesScreenshot: true, udid: 8SSCCMUCKV7SIVRG, viewportRect: {height: 2183, left: 0, top: 84, width: 1080}, warnings: {}, webStorageEnabled: false}
Session ID: 57f8fad8-cd2c-4c96-a010-3cc87ce74c3c
*** Element info: {Using=id, value=com.ram.courier:id/et_waybill_no}">
      <![CDATA[org.openqa.selenium.WebDriverException: An unknown server-side error occurred while processing the command. Original error: Could not proxy command to remote server. Original error: Error: socket hang up
Build info: version: '3.141.59', revision: 'e82be7d358', time: '2018-11-14T08:25:53'
System info: host: 'WJLP-1098', ip: '192.168.65.1', os.name: 'Windows 8.1', os.arch: 'x86', os.version: '6.3', java.version: '1.8.0_25'
Driver info: io.appium.java_client.android.AndroidDriver
Capabilities {appActivity: com.ram.courier.activities...., appPackage: com.ram.courier, autoGrantPermission: true, automationName: Appium, databaseEnabled: false, desired: {appActivity: com.ram.courier.activities...., appPackage: com.ram.courier, autoGrantPermission: true, automationName: Appium, deviceName: Vivo, platformName: android, platformVersion: 9, udid: 8SSCCMUCKV7SIVRG}, deviceApiLevel: 28, deviceManufacturer: vivo, deviceModel: vivo 1907, deviceName: 8SSCCMUCKV7SIVRG, deviceScreenDensity: 480, deviceScreenSize: 1080x2340, deviceUDID: 8SSCCMUCKV7SIVRG, javascriptEnabled: true, locationContextEnabled: false, networkConnectionEnabled: true, pixelRatio: 3, platform: LINUX, platformName: Android, platformVersion: 9, statBarHeight: 84, takesScreenshot: true, udid: 8SSCCMUCKV7SIVRG, viewportRect: {height: 2183, left: 0, top: 84, width: 1080}, warnings: {}, webStorageEnabled: false}
Session ID: 57f8fad8-cd2c-4c96-a010-3cc87ce74c3c
*** Element info: {Using=id, value=com.ram.courier:id/et_waybill_no}
	at sun.reflect.NativeConstructorAccessorImpl.newInstance0(Native Method)
	at sun.reflect.NativeConstructorAccessorImpl.newInstance(Unknown Source)
	at sun.reflect.DelegatingConstructorAccessorImpl.newInstance(Unknown Source)
	at java.lang.reflect.Constructor.newInstance(Unknown Source)
	at org.openqa.selenium.remote.http.W3CHttpResponseCodec.createException(W3CHttpResponseCodec.java:187)
	at org.openqa.selenium.remote.http.W3CHttpResponseCodec.decode(W3CHttpResponseCodec.java:122)
	at org.openqa.selenium.remote.http.W3CHttpResponseCodec.decode(W3CHttpResponseCodec.java:49)
	at org.openqa.selenium.remote.HttpCommandExecutor.execute(HttpCommandExecutor.java:158)
	at io.appium.java_client.remote.AppiumCommandExecutor.execute(AppiumCommandExecutor.java:239)
	at org.openqa.selenium.remote.RemoteWebDriver.execute(RemoteWebDriver.java:552)
	at io.appium.java_client.DefaultGenericMobileDriver.execute(DefaultGenericMobileDriver.java:41)
	at io.appium.java_client.AppiumDriver.execute(AppiumDriver.java:1)
	at io.appium.java_client.android.AndroidDriver.execute(AndroidDriver.java:1)
	at org.openqa.selenium.remote.RemoteWebDriver.findElement(RemoteWebDriver.java:323)
	at io.appium.java_client.DefaultGenericMobileDriver.findElement(DefaultGenericMobileDriver.java:61)
	at io.appium.java_client.AppiumDriver.findElement(AppiumDriver.java:1)
	at io.appium.java_client.android.AndroidDriver.findElement(AndroidDriver.java:1)
	at org.openqa.selenium.remote.RemoteWebDriver.findElementById(RemoteWebDriver.java:372)
	at io.appium.java_client.DefaultGenericMobileDriver.findElementById(DefaultGenericMobileDriver.java:69)
	at io.appium.java_client.AppiumDriver.findElementById(AppiumDriver.java:1)
	at io.appium.java_client.android.AndroidDriver.findElementById(AndroidDriver.java:1)
	at RamTestCases.OtrDeleiveryC2.GRVdeliveryrule5(OtrDeleiveryC2.java:198)
	at sun.reflect.NativeMethodAccessorImpl.invoke0(Native Method)
	at sun.reflect.NativeMethodAccessorImpl.invoke(Unknown Source)
	at sun.reflect.DelegatingMethodAccessorImpl.invoke(Unknown Source)
	at java.lang.reflect.Method.invoke(Unknown Source)
	at org.testng.internal.MethodInvocationHelper.invokeMethod(MethodInvocationHelper.java:86)
	at org.testng.internal.Invoker.invokeMethod(Invoker.java:645)
	at org.testng.internal.Invoker.invokeTestMethod(Invoker.java:822)
	at org.testng.internal.Invoker.invokeTestMethods(Invoker.java:1130)
	at org.testng.internal.TestMethodWorker.invokeTestMethods(TestMethodWorker.java:129)
	at org.testng.internal.TestMethodWorker.run(TestMethodWorker.java:112)
	at org.testng.TestRunner.privateRun(TestRunner.java:782)
	at org.testng.TestRunner.run(TestRunner.java:632)
	at org.testng.SuiteRunner.runTest(SuiteRunner.java:366)
	at org.testng.SuiteRunner.runSequentially(SuiteRunner.java:361)
	at org.testng.SuiteRunner.privateRun(SuiteRunner.java:319)
	at org.testng.SuiteRunner.run(SuiteRunner.java:268)
	at org.testng.SuiteRunnerWorker.runSuite(SuiteRunnerWorker.java:52)
	at org.testng.SuiteRunnerWorker.run(SuiteRunnerWorker.java:86)
	at org.testng.TestNG.runSuitesSequentially(TestNG.java:1244)
	at org.testng.TestNG.runSuitesLocally(TestNG.java:1169)
	at org.testng.TestNG.run(TestNG.java:1064)
	at org.testng.remote.RemoteTestNG.run(RemoteTestNG.java:113)
	at org.testng.remote.RemoteTestNG.initAndRun(RemoteTestNG.java:206)
	at org.testng.remote.RemoteTestNG.main(RemoteTestNG.java:177)
]]>
    </failure>
  </testcase> <!-- GRVdeliveryrule5 -->
  <testcase name="DeliveryRule1and3" time="0.048" classname="RamTestCases.OtrDeleiveryC2">
    <failure type="org.openqa.selenium.WebDriverException" message="An unknown server-side error occurred while processing the command. Original error: Could not proxy command to remote server. Original error: Error: socket hang up
Build info: version: &amp;apos;3.141.59&amp;apos;, revision: &amp;apos;e82be7d358&amp;apos;, time: &amp;apos;2018-11-14T08:25:53&amp;apos;
System info: host: &amp;apos;WJLP-1098&amp;apos;, ip: &amp;apos;192.168.65.1&amp;apos;, os.name: &amp;apos;Windows 8.1&amp;apos;, os.arch: &amp;apos;x86&amp;apos;, os.version: &amp;apos;6.3&amp;apos;, java.version: &amp;apos;1.8.0_25&amp;apos;
Driver info: io.appium.java_client.android.AndroidDriver
Capabilities {appActivity: com.ram.courier.activities...., appPackage: com.ram.courier, autoGrantPermission: true, automationName: Appium, databaseEnabled: false, desired: {appActivity: com.ram.courier.activities...., appPackage: com.ram.courier, autoGrantPermission: true, automationName: Appium, deviceName: Vivo, platformName: android, platformVersion: 9, udid: 8SSCCMUCKV7SIVRG}, deviceApiLevel: 28, deviceManufacturer: vivo, deviceModel: vivo 1907, deviceName: 8SSCCMUCKV7SIVRG, deviceScreenDensity: 480, deviceScreenSize: 1080x2340, deviceUDID: 8SSCCMUCKV7SIVRG, javascriptEnabled: true, locationContextEnabled: false, networkConnectionEnabled: true, pixelRatio: 3, platform: LINUX, platformName: Android, platformVersion: 9, statBarHeight: 84, takesScreenshot: true, udid: 8SSCCMUCKV7SIVRG, viewportRect: {height: 2183, left: 0, top: 84, width: 1080}, warnings: {}, webStorageEnabled: false}
Session ID: 57f8fad8-cd2c-4c96-a010-3cc87ce74c3c
*** Element info: {Using=id, value=com.ram.courier:id/et_waybill_no}">
      <![CDATA[org.openqa.selenium.WebDriverException: An unknown server-side error occurred while processing the command. Original error: Could not proxy command to remote server. Original error: Error: socket hang up
Build info: version: '3.141.59', revision: 'e82be7d358', time: '2018-11-14T08:25:53'
System info: host: 'WJLP-1098', ip: '192.168.65.1', os.name: 'Windows 8.1', os.arch: 'x86', os.version: '6.3', java.version: '1.8.0_25'
Driver info: io.appium.java_client.android.AndroidDriver
Capabilities {appActivity: com.ram.courier.activities...., appPackage: com.ram.courier, autoGrantPermission: true, automationName: Appium, databaseEnabled: false, desired: {appActivity: com.ram.courier.activities...., appPackage: com.ram.courier, autoGrantPermission: true, automationName: Appium, deviceName: Vivo, platformName: android, platformVersion: 9, udid: 8SSCCMUCKV7SIVRG}, deviceApiLevel: 28, deviceManufacturer: vivo, deviceModel: vivo 1907, deviceName: 8SSCCMUCKV7SIVRG, deviceScreenDensity: 480, deviceScreenSize: 1080x2340, deviceUDID: 8SSCCMUCKV7SIVRG, javascriptEnabled: true, locationContextEnabled: false, networkConnectionEnabled: true, pixelRatio: 3, platform: LINUX, platformName: Android, platformVersion: 9, statBarHeight: 84, takesScreenshot: true, udid: 8SSCCMUCKV7SIVRG, viewportRect: {height: 2183, left: 0, top: 84, width: 1080}, warnings: {}, webStorageEnabled: false}
Session ID: 57f8fad8-cd2c-4c96-a010-3cc87ce74c3c
*** Element info: {Using=id, value=com.ram.courier:id/et_waybill_no}
	at sun.reflect.NativeConstructorAccessorImpl.newInstance0(Native Method)
	at sun.reflect.NativeConstructorAccessorImpl.newInstance(Unknown Source)
	at sun.reflect.DelegatingConstructorAccessorImpl.newInstance(Unknown Source)
	at java.lang.reflect.Constructor.newInstance(Unknown Source)
	at org.openqa.selenium.remote.http.W3CHttpResponseCodec.createException(W3CHttpResponseCodec.java:187)
	at org.openqa.selenium.remote.http.W3CHttpResponseCodec.decode(W3CHttpResponseCodec.java:122)
	at org.openqa.selenium.remote.http.W3CHttpResponseCodec.decode(W3CHttpResponseCodec.java:49)
	at org.openqa.selenium.remote.HttpCommandExecutor.execute(HttpCommandExecutor.java:158)
	at io.appium.java_client.remote.AppiumCommandExecutor.execute(AppiumCommandExecutor.java:239)
	at org.openqa.selenium.remote.RemoteWebDriver.execute(RemoteWebDriver.java:552)
	at io.appium.java_client.DefaultGenericMobileDriver.execute(DefaultGenericMobileDriver.java:41)
	at io.appium.java_client.AppiumDriver.execute(AppiumDriver.java:1)
	at io.appium.java_client.android.AndroidDriver.execute(AndroidDriver.java:1)
	at org.openqa.selenium.remote.RemoteWebDriver.findElement(RemoteWebDriver.java:323)
	at io.appium.java_client.DefaultGenericMobileDriver.findElement(DefaultGenericMobileDriver.java:61)
	at io.appium.java_client.AppiumDriver.findElement(AppiumDriver.java:1)
	at io.appium.java_client.android.AndroidDriver.findElement(AndroidDriver.java:1)
	at org.openqa.selenium.remote.RemoteWebDriver.findElementById(RemoteWebDriver.java:372)
	at io.appium.java_client.DefaultGenericMobileDriver.findElementById(DefaultGenericMobileDriver.java:69)
	at io.appium.java_client.AppiumDriver.findElementById(AppiumDriver.java:1)
	at io.appium.java_client.android.AndroidDriver.findElementById(AndroidDriver.java:1)
	at RamTestCases.OtrDeleiveryC2.DeliveryRule1and3(OtrDeleiveryC2.java:234)
	at sun.reflect.NativeMethodAccessorImpl.invoke0(Native Method)
	at sun.reflect.NativeMethodAccessorImpl.invoke(Unknown Source)
	at sun.reflect.DelegatingMethodAccessorImpl.invoke(Unknown Source)
	at java.lang.reflect.Method.invoke(Unknown Source)
	at org.testng.internal.MethodInvocationHelper.invokeMethod(MethodInvocationHelper.java:86)
	at org.testng.internal.Invoker.invokeMethod(Invoker.java:645)
	at org.testng.internal.Invoker.invokeTestMethod(Invoker.java:822)
	at org.testng.internal.Invoker.invokeTestMethods(Invoker.java:1130)
	at org.testng.internal.TestMethodWorker.invokeTestMethods(TestMethodWorker.java:129)
	at org.testng.internal.TestMethodWorker.run(TestMethodWorker.java:112)
	at org.testng.TestRunner.privateRun(TestRunner.java:782)
	at org.testng.TestRunner.run(TestRunner.java:632)
	at org.testng.SuiteRunner.runTest(SuiteRunner.java:366)
	at org.testng.SuiteRunner.runSequentially(SuiteRunner.java:361)
	at org.testng.SuiteRunner.privateRun(SuiteRunner.java:319)
	at org.testng.SuiteRunner.run(SuiteRunner.java:268)
	at org.testng.SuiteRunnerWorker.runSuite(SuiteRunnerWorker.java:52)
	at org.testng.SuiteRunnerWorker.run(SuiteRunnerWorker.java:86)
	at org.testng.TestNG.runSuitesSequentially(TestNG.java:1244)
	at org.testng.TestNG.runSuitesLocally(TestNG.java:1169)
	at org.testng.TestNG.run(TestNG.java:1064)
	at org.testng.remote.RemoteTestNG.run(RemoteTestNG.java:113)
	at org.testng.remote.RemoteTestNG.initAndRun(RemoteTestNG.java:206)
	at org.testng.remote.RemoteTestNG.main(RemoteTestNG.java:177)
]]>
    </failure>
  </testcase> <!-- DeliveryRule1and3 -->
  <testcase name="Paxirule14and19Invalid" time="0.042" classname="RamTestCases.OtrDeleiveryC2">
    <failure type="org.openqa.selenium.WebDriverException" message="An unknown server-side error occurred while processing the command. Original error: Could not proxy command to remote server. Original error: Error: socket hang up
Build info: version: &amp;apos;3.141.59&amp;apos;, revision: &amp;apos;e82be7d358&amp;apos;, time: &amp;apos;2018-11-14T08:25:53&amp;apos;
System info: host: &amp;apos;WJLP-1098&amp;apos;, ip: &amp;apos;192.168.65.1&amp;apos;, os.name: &amp;apos;Windows 8.1&amp;apos;, os.arch: &amp;apos;x86&amp;apos;, os.version: &amp;apos;6.3&amp;apos;, java.version: &amp;apos;1.8.0_25&amp;apos;
Driver info: io.appium.java_client.android.AndroidDriver
Capabilities {appActivity: com.ram.courier.activities...., appPackage: com.ram.courier, autoGrantPermission: true, automationName: Appium, databaseEnabled: false, desired: {appActivity: com.ram.courier.activities...., appPackage: com.ram.courier, autoGrantPermission: true, automationName: Appium, deviceName: Vivo, platformName: android, platformVersion: 9, udid: 8SSCCMUCKV7SIVRG}, deviceApiLevel: 28, deviceManufacturer: vivo, deviceModel: vivo 1907, deviceName: 8SSCCMUCKV7SIVRG, deviceScreenDensity: 480, deviceScreenSize: 1080x2340, deviceUDID: 8SSCCMUCKV7SIVRG, javascriptEnabled: true, locationContextEnabled: false, networkConnectionEnabled: true, pixelRatio: 3, platform: LINUX, platformName: Android, platformVersion: 9, statBarHeight: 84, takesScreenshot: true, udid: 8SSCCMUCKV7SIVRG, viewportRect: {height: 2183, left: 0, top: 84, width: 1080}, warnings: {}, webStorageEnabled: false}
Session ID: 57f8fad8-cd2c-4c96-a010-3cc87ce74c3c
*** Element info: {Using=id, value=com.ram.courier:id/et_waybill_no}">
      <![CDATA[org.openqa.selenium.WebDriverException: An unknown server-side error occurred while processing the command. Original error: Could not proxy command to remote server. Original error: Error: socket hang up
Build info: version: '3.141.59', revision: 'e82be7d358', time: '2018-11-14T08:25:53'
System info: host: 'WJLP-1098', ip: '192.168.65.1', os.name: 'Windows 8.1', os.arch: 'x86', os.version: '6.3', java.version: '1.8.0_25'
Driver info: io.appium.java_client.android.AndroidDriver
Capabilities {appActivity: com.ram.courier.activities...., appPackage: com.ram.courier, autoGrantPermission: true, automationName: Appium, databaseEnabled: false, desired: {appActivity: com.ram.courier.activities...., appPackage: com.ram.courier, autoGrantPermission: true, automationName: Appium, deviceName: Vivo, platformName: android, platformVersion: 9, udid: 8SSCCMUCKV7SIVRG}, deviceApiLevel: 28, deviceManufacturer: vivo, deviceModel: vivo 1907, deviceName: 8SSCCMUCKV7SIVRG, deviceScreenDensity: 480, deviceScreenSize: 1080x2340, deviceUDID: 8SSCCMUCKV7SIVRG, javascriptEnabled: true, locationContextEnabled: false, networkConnectionEnabled: true, pixelRatio: 3, platform: LINUX, platformName: Android, platformVersion: 9, statBarHeight: 84, takesScreenshot: true, udid: 8SSCCMUCKV7SIVRG, viewportRect: {height: 2183, left: 0, top: 84, width: 1080}, warnings: {}, webStorageEnabled: false}
Session ID: 57f8fad8-cd2c-4c96-a010-3cc87ce74c3c
*** Element info: {Using=id, value=com.ram.courier:id/et_waybill_no}
	at sun.reflect.NativeConstructorAccessorImpl.newInstance0(Native Method)
	at sun.reflect.NativeConstructorAccessorImpl.newInstance(Unknown Source)
	at sun.reflect.DelegatingConstructorAccessorImpl.newInstance(Unknown Source)
	at java.lang.reflect.Constructor.newInstance(Unknown Source)
	at org.openqa.selenium.remote.http.W3CHttpResponseCodec.createException(W3CHttpResponseCodec.java:187)
	at org.openqa.selenium.remote.http.W3CHttpResponseCodec.decode(W3CHttpResponseCodec.java:122)
	at org.openqa.selenium.remote.http.W3CHttpResponseCodec.decode(W3CHttpResponseCodec.java:49)
	at org.openqa.selenium.remote.HttpCommandExecutor.execute(HttpCommandExecutor.java:158)
	at io.appium.java_client.remote.AppiumCommandExecutor.execute(AppiumCommandExecutor.java:239)
	at org.openqa.selenium.remote.RemoteWebDriver.execute(RemoteWebDriver.java:552)
	at io.appium.java_client.DefaultGenericMobileDriver.execute(DefaultGenericMobileDriver.java:41)
	at io.appium.java_client.AppiumDriver.execute(AppiumDriver.java:1)
	at io.appium.java_client.android.AndroidDriver.execute(AndroidDriver.java:1)
	at org.openqa.selenium.remote.RemoteWebDriver.findElement(RemoteWebDriver.java:323)
	at io.appium.java_client.DefaultGenericMobileDriver.findElement(DefaultGenericMobileDriver.java:61)
	at io.appium.java_client.AppiumDriver.findElement(AppiumDriver.java:1)
	at io.appium.java_client.android.AndroidDriver.findElement(AndroidDriver.java:1)
	at org.openqa.selenium.remote.RemoteWebDriver.findElementById(RemoteWebDriver.java:372)
	at io.appium.java_client.DefaultGenericMobileDriver.findElementById(DefaultGenericMobileDriver.java:69)
	at io.appium.java_client.AppiumDriver.findElementById(AppiumDriver.java:1)
	at io.appium.java_client.android.AndroidDriver.findElementById(AndroidDriver.java:1)
	at RamTestCases.OtrDeleiveryC2.Paxirule14and19Invalid(OtrDeleiveryC2.java:270)
	at sun.reflect.NativeMethodAccessorImpl.invoke0(Native Method)
	at sun.reflect.NativeMethodAccessorImpl.invoke(Unknown Source)
	at sun.reflect.DelegatingMethodAccessorImpl.invoke(Unknown Source)
	at java.lang.reflect.Method.invoke(Unknown Source)
	at org.testng.internal.MethodInvocationHelper.invokeMethod(MethodInvocationHelper.java:86)
	at org.testng.internal.Invoker.invokeMethod(Invoker.java:645)
	at org.testng.internal.Invoker.invokeTestMethod(Invoker.java:822)
	at org.testng.internal.Invoker.invokeTestMethods(Invoker.java:1130)
	at org.testng.internal.TestMethodWorker.invokeTestMethods(TestMethodWorker.java:129)
	at org.testng.internal.TestMethodWorker.run(TestMethodWorker.java:112)
	at org.testng.TestRunner.privateRun(TestRunner.java:782)
	at org.testng.TestRunner.run(TestRunner.java:632)
	at org.testng.SuiteRunner.runTest(SuiteRunner.java:366)
	at org.testng.SuiteRunner.runSequentially(SuiteRunner.java:361)
	at org.testng.SuiteRunner.privateRun(SuiteRunner.java:319)
	at org.testng.SuiteRunner.run(SuiteRunner.java:268)
	at org.testng.SuiteRunnerWorker.runSuite(SuiteRunnerWorker.java:52)
	at org.testng.SuiteRunnerWorker.run(SuiteRunnerWorker.java:86)
	at org.testng.TestNG.runSuitesSequentially(TestNG.java:1244)
	at org.testng.TestNG.runSuitesLocally(TestNG.java:1169)
	at org.testng.TestNG.run(TestNG.java:1064)
	at org.testng.remote.RemoteTestNG.run(RemoteTestNG.java:113)
	at org.testng.remote.RemoteTestNG.initAndRun(RemoteTestNG.java:206)
	at org.testng.remote.RemoteTestNG.main(RemoteTestNG.java:177)
]]>
    </failure>
  </testcase> <!-- Paxirule14and19Invalid -->
  <testcase name="Paxirule14and19Valid" time="0.037" classname="RamTestCases.OtrDeleiveryC2">
    <failure type="org.openqa.selenium.WebDriverException" message="An unknown server-side error occurred while processing the command. Original error: Could not proxy command to remote server. Original error: Error: socket hang up
Build info: version: &amp;apos;3.141.59&amp;apos;, revision: &amp;apos;e82be7d358&amp;apos;, time: &amp;apos;2018-11-14T08:25:53&amp;apos;
System info: host: &amp;apos;WJLP-1098&amp;apos;, ip: &amp;apos;192.168.65.1&amp;apos;, os.name: &amp;apos;Windows 8.1&amp;apos;, os.arch: &amp;apos;x86&amp;apos;, os.version: &amp;apos;6.3&amp;apos;, java.version: &amp;apos;1.8.0_25&amp;apos;
Driver info: io.appium.java_client.android.AndroidDriver
Capabilities {appActivity: com.ram.courier.activities...., appPackage: com.ram.courier, autoGrantPermission: true, automationName: Appium, databaseEnabled: false, desired: {appActivity: com.ram.courier.activities...., appPackage: com.ram.courier, autoGrantPermission: true, automationName: Appium, deviceName: Vivo, platformName: android, platformVersion: 9, udid: 8SSCCMUCKV7SIVRG}, deviceApiLevel: 28, deviceManufacturer: vivo, deviceModel: vivo 1907, deviceName: 8SSCCMUCKV7SIVRG, deviceScreenDensity: 480, deviceScreenSize: 1080x2340, deviceUDID: 8SSCCMUCKV7SIVRG, javascriptEnabled: true, locationContextEnabled: false, networkConnectionEnabled: true, pixelRatio: 3, platform: LINUX, platformName: Android, platformVersion: 9, statBarHeight: 84, takesScreenshot: true, udid: 8SSCCMUCKV7SIVRG, viewportRect: {height: 2183, left: 0, top: 84, width: 1080}, warnings: {}, webStorageEnabled: false}
Session ID: 57f8fad8-cd2c-4c96-a010-3cc87ce74c3c
*** Element info: {Using=id, value=com.ram.courier:id/et_cdn_number}">
      <![CDATA[org.openqa.selenium.WebDriverException: An unknown server-side error occurred while processing the command. Original error: Could not proxy command to remote server. Original error: Error: socket hang up
Build info: version: '3.141.59', revision: 'e82be7d358', time: '2018-11-14T08:25:53'
System info: host: 'WJLP-1098', ip: '192.168.65.1', os.name: 'Windows 8.1', os.arch: 'x86', os.version: '6.3', java.version: '1.8.0_25'
Driver info: io.appium.java_client.android.AndroidDriver
Capabilities {appActivity: com.ram.courier.activities...., appPackage: com.ram.courier, autoGrantPermission: true, automationName: Appium, databaseEnabled: false, desired: {appActivity: com.ram.courier.activities...., appPackage: com.ram.courier, autoGrantPermission: true, automationName: Appium, deviceName: Vivo, platformName: android, platformVersion: 9, udid: 8SSCCMUCKV7SIVRG}, deviceApiLevel: 28, deviceManufacturer: vivo, deviceModel: vivo 1907, deviceName: 8SSCCMUCKV7SIVRG, deviceScreenDensity: 480, deviceScreenSize: 1080x2340, deviceUDID: 8SSCCMUCKV7SIVRG, javascriptEnabled: true, locationContextEnabled: false, networkConnectionEnabled: true, pixelRatio: 3, platform: LINUX, platformName: Android, platformVersion: 9, statBarHeight: 84, takesScreenshot: true, udid: 8SSCCMUCKV7SIVRG, viewportRect: {height: 2183, left: 0, top: 84, width: 1080}, warnings: {}, webStorageEnabled: false}
Session ID: 57f8fad8-cd2c-4c96-a010-3cc87ce74c3c
*** Element info: {Using=id, value=com.ram.courier:id/et_cdn_number}
	at sun.reflect.NativeConstructorAccessorImpl.newInstance0(Native Method)
	at sun.reflect.NativeConstructorAccessorImpl.newInstance(Unknown Source)
	at sun.reflect.DelegatingConstructorAccessorImpl.newInstance(Unknown Source)
	at java.lang.reflect.Constructor.newInstance(Unknown Source)
	at org.openqa.selenium.remote.http.W3CHttpResponseCodec.createException(W3CHttpResponseCodec.java:187)
	at org.openqa.selenium.remote.http.W3CHttpResponseCodec.decode(W3CHttpResponseCodec.java:122)
	at org.openqa.selenium.remote.http.W3CHttpResponseCodec.decode(W3CHttpResponseCodec.java:49)
	at org.openqa.selenium.remote.HttpCommandExecutor.execute(HttpCommandExecutor.java:158)
	at io.appium.java_client.remote.AppiumCommandExecutor.execute(AppiumCommandExecutor.java:239)
	at org.openqa.selenium.remote.RemoteWebDriver.execute(RemoteWebDriver.java:552)
	at io.appium.java_client.DefaultGenericMobileDriver.execute(DefaultGenericMobileDriver.java:41)
	at io.appium.java_client.AppiumDriver.execute(AppiumDriver.java:1)
	at io.appium.java_client.android.AndroidDriver.execute(AndroidDriver.java:1)
	at org.openqa.selenium.remote.RemoteWebDriver.findElement(RemoteWebDriver.java:323)
	at io.appium.java_client.DefaultGenericMobileDriver.findElement(DefaultGenericMobileDriver.java:61)
	at io.appium.java_client.AppiumDriver.findElement(AppiumDriver.java:1)
	at io.appium.java_client.android.AndroidDriver.findElement(AndroidDriver.java:1)
	at org.openqa.selenium.remote.RemoteWebDriver.findElementById(RemoteWebDriver.java:372)
	at io.appium.java_client.DefaultGenericMobileDriver.findElementById(DefaultGenericMobileDriver.java:69)
	at io.appium.java_client.AppiumDriver.findElementById(AppiumDriver.java:1)
	at io.appium.java_client.android.AndroidDriver.findElementById(AndroidDriver.java:1)
	at RamTestCases.OtrDeleiveryC2.Paxirule14and19Valid(OtrDeleiveryC2.java:287)
	at sun.reflect.NativeMethodAccessorImpl.invoke0(Native Method)
	at sun.reflect.NativeMethodAccessorImpl.invoke(Unknown Source)
	at sun.reflect.DelegatingMethodAccessorImpl.invoke(Unknown Source)
	at java.lang.reflect.Method.invoke(Unknown Source)
	at org.testng.internal.MethodInvocationHelper.invokeMethod(MethodInvocationHelper.java:86)
	at org.testng.internal.Invoker.invokeMethod(Invoker.java:645)
	at org.testng.internal.Invoker.invokeTestMethod(Invoker.java:822)
	at org.testng.internal.Invoker.invokeTestMethods(Invoker.java:1130)
	at org.testng.internal.TestMethodWorker.invokeTestMethods(TestMethodWorker.java:129)
	at org.testng.internal.TestMethodWorker.run(TestMethodWorker.java:112)
	at org.testng.TestRunner.privateRun(TestRunner.java:782)
	at org.testng.TestRunner.run(TestRunner.java:632)
	at org.testng.SuiteRunner.runTest(SuiteRunner.java:366)
	at org.testng.SuiteRunner.runSequentially(SuiteRunner.java:361)
	at org.testng.SuiteRunner.privateRun(SuiteRunner.java:319)
	at org.testng.SuiteRunner.run(SuiteRunner.java:268)
	at org.testng.SuiteRunnerWorker.runSuite(SuiteRunnerWorker.java:52)
	at org.testng.SuiteRunnerWorker.run(SuiteRunnerWorker.java:86)
	at org.testng.TestNG.runSuitesSequentially(TestNG.java:1244)
	at org.testng.TestNG.runSuitesLocally(TestNG.java:1169)
	at org.testng.TestNG.run(TestNG.java:1064)
	at org.testng.remote.RemoteTestNG.run(RemoteTestNG.java:113)
	at org.testng.remote.RemoteTestNG.initAndRun(RemoteTestNG.java:206)
	at org.testng.remote.RemoteTestNG.main(RemoteTestNG.java:177)
]]>
    </failure>
  </testcase> <!-- Paxirule14and19Valid -->
  <testcase name="KnockNdropInValid" time="0.042" classname="RamTestCases.OtrDeleiveryC2">
    <failure type="org.openqa.selenium.WebDriverException" message="An unknown server-side error occurred while processing the command. Original error: Could not proxy command to remote server. Original error: Error: socket hang up
Build info: version: &amp;apos;3.141.59&amp;apos;, revision: &amp;apos;e82be7d358&amp;apos;, time: &amp;apos;2018-11-14T08:25:53&amp;apos;
System info: host: &amp;apos;WJLP-1098&amp;apos;, ip: &amp;apos;192.168.65.1&amp;apos;, os.name: &amp;apos;Windows 8.1&amp;apos;, os.arch: &amp;apos;x86&amp;apos;, os.version: &amp;apos;6.3&amp;apos;, java.version: &amp;apos;1.8.0_25&amp;apos;
Driver info: io.appium.java_client.android.AndroidDriver
Capabilities {appActivity: com.ram.courier.activities...., appPackage: com.ram.courier, autoGrantPermission: true, automationName: Appium, databaseEnabled: false, desired: {appActivity: com.ram.courier.activities...., appPackage: com.ram.courier, autoGrantPermission: true, automationName: Appium, deviceName: Vivo, platformName: android, platformVersion: 9, udid: 8SSCCMUCKV7SIVRG}, deviceApiLevel: 28, deviceManufacturer: vivo, deviceModel: vivo 1907, deviceName: 8SSCCMUCKV7SIVRG, deviceScreenDensity: 480, deviceScreenSize: 1080x2340, deviceUDID: 8SSCCMUCKV7SIVRG, javascriptEnabled: true, locationContextEnabled: false, networkConnectionEnabled: true, pixelRatio: 3, platform: LINUX, platformName: Android, platformVersion: 9, statBarHeight: 84, takesScreenshot: true, udid: 8SSCCMUCKV7SIVRG, viewportRect: {height: 2183, left: 0, top: 84, width: 1080}, warnings: {}, webStorageEnabled: false}
Session ID: 57f8fad8-cd2c-4c96-a010-3cc87ce74c3c
*** Element info: {Using=id, value=com.ram.courier:id/et_waybill_no}">
      <![CDATA[org.openqa.selenium.WebDriverException: An unknown server-side error occurred while processing the command. Original error: Could not proxy command to remote server. Original error: Error: socket hang up
Build info: version: '3.141.59', revision: 'e82be7d358', time: '2018-11-14T08:25:53'
System info: host: 'WJLP-1098', ip: '192.168.65.1', os.name: 'Windows 8.1', os.arch: 'x86', os.version: '6.3', java.version: '1.8.0_25'
Driver info: io.appium.java_client.android.AndroidDriver
Capabilities {appActivity: com.ram.courier.activities...., appPackage: com.ram.courier, autoGrantPermission: true, automationName: Appium, databaseEnabled: false, desired: {appActivity: com.ram.courier.activities...., appPackage: com.ram.courier, autoGrantPermission: true, automationName: Appium, deviceName: Vivo, platformName: android, platformVersion: 9, udid: 8SSCCMUCKV7SIVRG}, deviceApiLevel: 28, deviceManufacturer: vivo, deviceModel: vivo 1907, deviceName: 8SSCCMUCKV7SIVRG, deviceScreenDensity: 480, deviceScreenSize: 1080x2340, deviceUDID: 8SSCCMUCKV7SIVRG, javascriptEnabled: true, locationContextEnabled: false, networkConnectionEnabled: true, pixelRatio: 3, platform: LINUX, platformName: Android, platformVersion: 9, statBarHeight: 84, takesScreenshot: true, udid: 8SSCCMUCKV7SIVRG, viewportRect: {height: 2183, left: 0, top: 84, width: 1080}, warnings: {}, webStorageEnabled: false}
Session ID: 57f8fad8-cd2c-4c96-a010-3cc87ce74c3c
*** Element info: {Using=id, value=com.ram.courier:id/et_waybill_no}
	at sun.reflect.NativeConstructorAccessorImpl.newInstance0(Native Method)
	at sun.reflect.NativeConstructorAccessorImpl.newInstance(Unknown Source)
	at sun.reflect.DelegatingConstructorAccessorImpl.newInstance(Unknown Source)
	at java.lang.reflect.Constructor.newInstance(Unknown Source)
	at org.openqa.selenium.remote.http.W3CHttpResponseCodec.createException(W3CHttpResponseCodec.java:187)
	at org.openqa.selenium.remote.http.W3CHttpResponseCodec.decode(W3CHttpResponseCodec.java:122)
	at org.openqa.selenium.remote.http.W3CHttpResponseCodec.decode(W3CHttpResponseCodec.java:49)
	at org.openqa.selenium.remote.HttpCommandExecutor.execute(HttpCommandExecutor.java:158)
	at io.appium.java_client.remote.AppiumCommandExecutor.execute(AppiumCommandExecutor.java:239)
	at org.openqa.selenium.remote.RemoteWebDriver.execute(RemoteWebDriver.java:552)
	at io.appium.java_client.DefaultGenericMobileDriver.execute(DefaultGenericMobileDriver.java:41)
	at io.appium.java_client.AppiumDriver.execute(AppiumDriver.java:1)
	at io.appium.java_client.android.AndroidDriver.execute(AndroidDriver.java:1)
	at org.openqa.selenium.remote.RemoteWebDriver.findElement(RemoteWebDriver.java:323)
	at io.appium.java_client.DefaultGenericMobileDriver.findElement(DefaultGenericMobileDriver.java:61)
	at io.appium.java_client.AppiumDriver.findElement(AppiumDriver.java:1)
	at io.appium.java_client.android.AndroidDriver.findElement(AndroidDriver.java:1)
	at org.openqa.selenium.remote.RemoteWebDriver.findElementById(RemoteWebDriver.java:372)
	at io.appium.java_client.DefaultGenericMobileDriver.findElementById(DefaultGenericMobileDriver.java:69)
	at io.appium.java_client.AppiumDriver.findElementById(AppiumDriver.java:1)
	at io.appium.java_client.android.AndroidDriver.findElementById(AndroidDriver.java:1)
	at RamTestCases.OtrDeleiveryC2.KnockNdropInValid(OtrDeleiveryC2.java:299)
	at sun.reflect.NativeMethodAccessorImpl.invoke0(Native Method)
	at sun.reflect.NativeMethodAccessorImpl.invoke(Unknown Source)
	at sun.reflect.DelegatingMethodAccessorImpl.invoke(Unknown Source)
	at java.lang.reflect.Method.invoke(Unknown Source)
	at org.testng.internal.MethodInvocationHelper.invokeMethod(MethodInvocationHelper.java:86)
	at org.testng.internal.Invoker.invokeMethod(Invoker.java:645)
	at org.testng.internal.Invoker.invokeTestMethod(Invoker.java:822)
	at org.testng.internal.Invoker.invokeTestMethods(Invoker.java:1130)
	at org.testng.internal.TestMethodWorker.invokeTestMethods(TestMethodWorker.java:129)
	at org.testng.internal.TestMethodWorker.run(TestMethodWorker.java:112)
	at org.testng.TestRunner.privateRun(TestRunner.java:782)
	at org.testng.TestRunner.run(TestRunner.java:632)
	at org.testng.SuiteRunner.runTest(SuiteRunner.java:366)
	at org.testng.SuiteRunner.runSequentially(SuiteRunner.java:361)
	at org.testng.SuiteRunner.privateRun(SuiteRunner.java:319)
	at org.testng.SuiteRunner.run(SuiteRunner.java:268)
	at org.testng.SuiteRunnerWorker.runSuite(SuiteRunnerWorker.java:52)
	at org.testng.SuiteRunnerWorker.run(SuiteRunnerWorker.java:86)
	at org.testng.TestNG.runSuitesSequentially(TestNG.java:1244)
	at org.testng.TestNG.runSuitesLocally(TestNG.java:1169)
	at org.testng.TestNG.run(TestNG.java:1064)
	at org.testng.remote.RemoteTestNG.run(RemoteTestNG.java:113)
	at org.testng.remote.RemoteTestNG.initAndRun(RemoteTestNG.java:206)
	at org.testng.remote.RemoteTestNG.main(RemoteTestNG.java:177)
]]>
    </failure>
  </testcase> <!-- KnockNdropInValid -->
  <testcase name="KnockNdropValid" time="0.05" classname="RamTestCases.OtrDeleiveryC2">
    <failure type="org.openqa.selenium.WebDriverException" message="An unknown server-side error occurred while processing the command. Original error: Could not proxy command to remote server. Original error: Error: socket hang up
Build info: version: &amp;apos;3.141.59&amp;apos;, revision: &amp;apos;e82be7d358&amp;apos;, time: &amp;apos;2018-11-14T08:25:53&amp;apos;
System info: host: &amp;apos;WJLP-1098&amp;apos;, ip: &amp;apos;192.168.65.1&amp;apos;, os.name: &amp;apos;Windows 8.1&amp;apos;, os.arch: &amp;apos;x86&amp;apos;, os.version: &amp;apos;6.3&amp;apos;, java.version: &amp;apos;1.8.0_25&amp;apos;
Driver info: io.appium.java_client.android.AndroidDriver
Capabilities {appActivity: com.ram.courier.activities...., appPackage: com.ram.courier, autoGrantPermission: true, automationName: Appium, databaseEnabled: false, desired: {appActivity: com.ram.courier.activities...., appPackage: com.ram.courier, autoGrantPermission: true, automationName: Appium, deviceName: Vivo, platformName: android, platformVersion: 9, udid: 8SSCCMUCKV7SIVRG}, deviceApiLevel: 28, deviceManufacturer: vivo, deviceModel: vivo 1907, deviceName: 8SSCCMUCKV7SIVRG, deviceScreenDensity: 480, deviceScreenSize: 1080x2340, deviceUDID: 8SSCCMUCKV7SIVRG, javascriptEnabled: true, locationContextEnabled: false, networkConnectionEnabled: true, pixelRatio: 3, platform: LINUX, platformName: Android, platformVersion: 9, statBarHeight: 84, takesScreenshot: true, udid: 8SSCCMUCKV7SIVRG, viewportRect: {height: 2183, left: 0, top: 84, width: 1080}, warnings: {}, webStorageEnabled: false}
Session ID: 57f8fad8-cd2c-4c96-a010-3cc87ce74c3c
*** Element info: {Using=id, value=com.ram.courier:id/btn_yes}">
      <![CDATA[org.openqa.selenium.WebDriverException: An unknown server-side error occurred while processing the command. Original error: Could not proxy command to remote server. Original error: Error: socket hang up
Build info: version: '3.141.59', revision: 'e82be7d358', time: '2018-11-14T08:25:53'
System info: host: 'WJLP-1098', ip: '192.168.65.1', os.name: 'Windows 8.1', os.arch: 'x86', os.version: '6.3', java.version: '1.8.0_25'
Driver info: io.appium.java_client.android.AndroidDriver
Capabilities {appActivity: com.ram.courier.activities...., appPackage: com.ram.courier, autoGrantPermission: true, automationName: Appium, databaseEnabled: false, desired: {appActivity: com.ram.courier.activities...., appPackage: com.ram.courier, autoGrantPermission: true, automationName: Appium, deviceName: Vivo, platformName: android, platformVersion: 9, udid: 8SSCCMUCKV7SIVRG}, deviceApiLevel: 28, deviceManufacturer: vivo, deviceModel: vivo 1907, deviceName: 8SSCCMUCKV7SIVRG, deviceScreenDensity: 480, deviceScreenSize: 1080x2340, deviceUDID: 8SSCCMUCKV7SIVRG, javascriptEnabled: true, locationContextEnabled: false, networkConnectionEnabled: true, pixelRatio: 3, platform: LINUX, platformName: Android, platformVersion: 9, statBarHeight: 84, takesScreenshot: true, udid: 8SSCCMUCKV7SIVRG, viewportRect: {height: 2183, left: 0, top: 84, width: 1080}, warnings: {}, webStorageEnabled: false}
Session ID: 57f8fad8-cd2c-4c96-a010-3cc87ce74c3c
*** Element info: {Using=id, value=com.ram.courier:id/btn_yes}
	at sun.reflect.NativeConstructorAccessorImpl.newInstance0(Native Method)
	at sun.reflect.NativeConstructorAccessorImpl.newInstance(Unknown Source)
	at sun.reflect.DelegatingConstructorAccessorImpl.newInstance(Unknown Source)
	at java.lang.reflect.Constructor.newInstance(Unknown Source)
	at org.openqa.selenium.remote.http.W3CHttpResponseCodec.createException(W3CHttpResponseCodec.java:187)
	at org.openqa.selenium.remote.http.W3CHttpResponseCodec.decode(W3CHttpResponseCodec.java:122)
	at org.openqa.selenium.remote.http.W3CHttpResponseCodec.decode(W3CHttpResponseCodec.java:49)
	at org.openqa.selenium.remote.HttpCommandExecutor.execute(HttpCommandExecutor.java:158)
	at io.appium.java_client.remote.AppiumCommandExecutor.execute(AppiumCommandExecutor.java:239)
	at org.openqa.selenium.remote.RemoteWebDriver.execute(RemoteWebDriver.java:552)
	at io.appium.java_client.DefaultGenericMobileDriver.execute(DefaultGenericMobileDriver.java:41)
	at io.appium.java_client.AppiumDriver.execute(AppiumDriver.java:1)
	at io.appium.java_client.android.AndroidDriver.execute(AndroidDriver.java:1)
	at org.openqa.selenium.remote.RemoteWebDriver.findElement(RemoteWebDriver.java:323)
	at io.appium.java_client.DefaultGenericMobileDriver.findElement(DefaultGenericMobileDriver.java:61)
	at io.appium.java_client.AppiumDriver.findElement(AppiumDriver.java:1)
	at io.appium.java_client.android.AndroidDriver.findElement(AndroidDriver.java:1)
	at org.openqa.selenium.remote.RemoteWebDriver.findElementById(RemoteWebDriver.java:372)
	at io.appium.java_client.DefaultGenericMobileDriver.findElementById(DefaultGenericMobileDriver.java:69)
	at io.appium.java_client.AppiumDriver.findElementById(AppiumDriver.java:1)
	at io.appium.java_client.android.AndroidDriver.findElementById(AndroidDriver.java:1)
	at RamTestCases.OtrDeleiveryC2.KnockNdropValid(OtrDeleiveryC2.java:317)
	at sun.reflect.NativeMethodAccessorImpl.invoke0(Native Method)
	at sun.reflect.NativeMethodAccessorImpl.invoke(Unknown Source)
	at sun.reflect.DelegatingMethodAccessorImpl.invoke(Unknown Source)
	at java.lang.reflect.Method.invoke(Unknown Source)
	at org.testng.internal.MethodInvocationHelper.invokeMethod(MethodInvocationHelper.java:86)
	at org.testng.internal.Invoker.invokeMethod(Invoker.java:645)
	at org.testng.internal.Invoker.invokeTestMethod(Invoker.java:822)
	at org.testng.internal.Invoker.invokeTestMethods(Invoker.java:1130)
	at org.testng.internal.TestMethodWorker.invokeTestMethods(TestMethodWorker.java:129)
	at org.testng.internal.TestMethodWorker.run(TestMethodWorker.java:112)
	at org.testng.TestRunner.privateRun(TestRunner.java:782)
	at org.testng.TestRunner.run(TestRunner.java:632)
	at org.testng.SuiteRunner.runTest(SuiteRunner.java:366)
	at org.testng.SuiteRunner.runSequentially(SuiteRunner.java:361)
	at org.testng.SuiteRunner.privateRun(SuiteRunner.java:319)
	at org.testng.SuiteRunner.run(SuiteRunner.java:268)
	at org.testng.SuiteRunnerWorker.runSuite(SuiteRunnerWorker.java:52)
	at org.testng.SuiteRunnerWorker.run(SuiteRunnerWorker.java:86)
	at org.testng.TestNG.runSuitesSequentially(TestNG.java:1244)
	at org.testng.TestNG.runSuitesLocally(TestNG.java:1169)
	at org.testng.TestNG.run(TestNG.java:1064)
	at org.testng.remote.RemoteTestNG.run(RemoteTestNG.java:113)
	at org.testng.remote.RemoteTestNG.initAndRun(RemoteTestNG.java:206)
	at org.testng.remote.RemoteTestNG.main(RemoteTestNG.java:177)
]]>
    </failure>
  </testcase> <!-- KnockNdropValid -->
</testsuite> <!-- Default test -->
